<?xml version="1.0" encoding="UTF-8"?>
<testsuite xmlns:xsi="http://www.w3.org/2001/XMLSchema-instance" xsi:noNamespaceSchemaLocation="https://maven.apache.org/surefire/maven-surefire-plugin/xsd/surefire-test-report-3.0.xsd" version="3.0" name="com.clinic.doctor.service.DoctorServiceTest" time="0.401" tests="6" errors="0" skipped="0" failures="0">
  <properties>
[...]
</properties>
  <testcase name="rejectsInvalidAvailabilityRangeBeforeReadingDoctor" classname="com.clinic.doctor.service.DoctorServiceTest" time="0.347"/>
  <testcase name="createsDoctorProfileAndNormalizesBiography" classname="com.clinic.doctor.service.DoctorServiceTest" time="0.012"/>
  <testcase name="replacesAndSortsWeeklySchedules" classname="com.clinic.doctor.service.DoctorServiceTest" time="0.014"/>
  <testcase name="rejectsOverlappingSchedulesWithoutDeletingExistingOnes" classname="com.clinic.doctor.service.DoctorServiceTest" time="0.007"/>
  <testcase name="reportsAvailabilityWhenRequestedRangeIsInsideWorkingHours" classname="com.clinic.doctor.service.DoctorServiceTest" time="0.0"/>
  <testcase name="filtersDoctorsBySpecialty" classname="com.clinic.doctor.service.DoctorServiceTest" time="0.003"/>
</testsuite>